<?xml version="1.0" encoding="UTF-8"?>
<!-- Generated by org.testng.reporters.JUnitReportReporter -->
<testsuite hostname="Reafs-MacBook-Pro.local" failures="0" tests="3" name="com.google.runner.TestRunner" time="9.130" errors="0" timestamp="27 Nov 2022 17:46:23 GMT" skipped="0">
  <testcase classname="com.google.runner.TestRunner" name="runScenario" time="3.798"/>
  <testcase classname="com.google.runner.TestRunner" name="runScenario" time="2.529"/>
  <testcase classname="com.google.runner.TestRunner" name="runScenario" time="2.803"/>
</testsuite> <!-- com.google.runner.TestRunner -->
